{
  "id": "prt_ab86d42f80014T9RgxNdN35K9J",
  "sessionID": "ses_54b97e247ffenCZZa4jZiIWD0l",
  "messageID": "msg_ab86d2cb2001hmeItvUxqplfLQ",
  "type": "tool",
  "callID": "call_76922506",
  "tool": "bash",
  "state": {
    "status": "completed",
    "input": {
      "command": "cd /home/user/project && npx tsc --noEmit",
      "description": "Run TypeScript compiler to check for type errors"
    },
    "output": "app/page.tsx(3707,27): error TS2345: Argument of type '{ type: string; price: any; days: any; services: any; }' is not assignable to parameter of type 'never'.\napp/page.tsx(3716,27): error TS2345: Argument of type '{ type: string; price: any; days: any; services: any; }' is not assignable to parameter of type 'never'.\napp/page.tsx(3726,22): error TS2339: Property 'price' does not exist on type 'never'.\napp/page.tsx(3726,35): error TS2339: Property 'price' does not exist on type 'never'.\napp/page.tsx(3729,31): error TS2339: Property 'price' does not exist on type 'never'.\napp/page.tsx(3730,30): error TS2339: Property 'days' does not exist on type 'never'.\napp/page.tsx(3734,40): error TS2339: Property 'type' does not exist on type 'never'.\napp/page.tsx(3735,35): error TS2339: Property 'services' does not exist on type 'never'.\n",
    "title": "cd /home/user/project && npx tsc --noEmit",
    "metadata": {
      "output": "app/page.tsx(3707,27): error TS2345: Argument of type '{ type: string; price: any; days: any; services: any; }' is not assignable to parameter of type 'never'.\napp/page.tsx(3716,27): error TS2345: Argument of type '{ type: string; price: any; days: any; services: any; }' is not assignable to parameter of type 'never'.\napp/page.tsx(3726,22): error TS2339: Property 'price' does not exist on type 'never'.\napp/page.tsx(3726,35): error TS2339: Property 'price' does not exist on type 'never'.\napp/page.tsx(3729,31): error TS2339: Property 'price' does not exist on type 'never'.\napp/page.tsx(3730,30): error TS2339: Property 'days' does not exist on type 'never'.\napp/page.tsx(3734,40): error TS2339: Property 'type' does not exist on type 'never'.\napp/page.tsx(3735,35): error TS2339: Property 'services' does not exist on type 'never'.\n",
      "exit": 2,
      "description": "Run TypeScript compiler to check for type errors"
    },
    "time": {
      "start": 1764030759680,
      "end": 1764030771515
    }
  }
}