{
  "id": "prt_9b9c22201001Zh82PkDKA7Zbez",
  "messageID": "msg_9b9bd7fd70013nR5OyAR9LVDZ4",
  "sessionID": "ses_6852784ecffeuHwynj83p2lr14",
  "type": "tool",
  "tool": "bash",
  "callID": "toolu_018TN6rLpBTaHD4gJCp8Yxs9",
  "state": {
    "status": "completed",
    "input": {
      "command": "cd /home/user/project && npx tsc --noEmit",
      "description": "Check TypeScript compilation"
    },
    "output": ".next/types/app/api/dellin-places/route.ts(2,24): error TS2307: Cannot find module '../../../../../app/api/dellin-places/route.js' or its corresponding type declarations.\n.next/types/app/api/dellin-places/route.ts(5,29): error TS2307: Cannot find module '../../../../../app/api/dellin-places/route.js' or its corresponding type declarations.\n",
    "metadata": {
      "output": ".next/types/app/api/dellin-places/route.ts(2,24): error TS2307: Cannot find module '../../../../../app/api/dellin-places/route.js' or its corresponding type declarations.\n.next/types/app/api/dellin-places/route.ts(5,29): error TS2307: Cannot find module '../../../../../app/api/dellin-places/route.js' or its corresponding type declarations.\n",
      "exit": 2,
      "description": "Check TypeScript compilation"
    },
    "title": "cd /home/user/project && npx tsc --noEmit",
    "time": {
      "start": 1759758132308,
      "end": 1759758142975
    }
  }
}